Drill report for momentum_panel.kicad_pcb
Created on Wed Apr 19 14:44:16 2023

Copper Layer Stackup:
    =============================================================
    L1 :  F.Cu                      front
    L2 :  B.Cu                      back


Drill file 'momentum_panel.drl' contains
    plated through holes:
    =============================================================
    T1  0.305mm  0.0120"  (468 holes)
    T2  0.381mm  0.0150"  (12 holes)
    T3  0.508mm  0.0200"  (4 holes)
    T4  1.000mm  0.0394"  (32 holes)

    Total plated holes count 516


Not plated through holes are merged with plated holes
    unplated through holes:
    =============================================================
    T5  0.500mm  0.0197"  (100 holes)
    T6  1.500mm  0.0591"  (8 holes)
    T7  1.800mm  0.0709"  (8 holes)
    T8  2.000mm  0.0787"  (12 holes)

    Total unplated holes count 128
